#
# There is insufficient memory for the Java Runtime Environment to continue.
# Native memory allocation (mmap) failed to map 266338304 bytes for Failed to commit area from 0x0000000702600000 to 0x0000000712400000 of length 266338304.
# Possible reasons:
#   The system is out of physical RAM or swap space
#   The process is running with CompressedOops enabled, and the Java Heap may be blocking the growth of the native heap
# Possible solutions:
#   Reduce memory load on the system
#   Increase physical memory or swap space
#   Check if swap backing store is full
#   Decrease Java heap size (-Xmx/-Xms)
#   Decrease number of Java threads
#   Decrease Java thread stack sizes (-Xss)
#   Set larger code cache with -XX:ReservedCodeCacheSize=
#   JVM is running with Zero Based Compressed Oops mode in which the Java heap is
#     placed in the first 32GB address space. The Java Heap base address is the
#     maximum limit for the native heap growth. Please use -XX:HeapBaseMinAddress
#     to set the Java Heap base and to place the Java Heap above 32GB virtual address.
# This output file may be truncated or incomplete.
#
#  Out of Memory Error (./open/src/hotspot/os/windows/os_windows.cpp:3315), pid=28260, tid=38088
#
# JRE version:  (14.0.1+7) (build )
# Java VM: Java HotSpot(TM) 64-Bit Server VM (14.0.1+7, mixed mode, sharing, tiered, compressed oops, g1 gc, windows-amd64)
# No core dump will be written. Minidumps are not enabled by default on client versions of Windows
#

---------------  S U M M A R Y ------------

Command Line: C:\Users\T.Ron\AppData\Local\Temp\surefire7620724231764667926\surefirebooter9690155479504136834.jar C:\Users\T.Ron\AppData\Local\Temp\surefire7620724231764667926 2020-12-08T09-59-56_483-jvmRun1 surefire11159660719788742383tmp surefire_011271357793960947713tmp

Host: Intel(R) Core(TM) i7-8550U CPU @ 1.80GHz, 8 cores, 15G,  Windows 10 , 64 bit Build 19041 (10.0.19041.546)
Time: Tue Dec  8 09:59:57 2020 Paris, Madrid elapsed time: 0 seconds (0d 0h 0m 0s)

---------------  T H R E A D  ---------------

Current thread (0x00000201af232800):  JavaThread "Unknown thread" [_thread_in_vm, id=38088, stack(0x00000088f0000000,0x00000088f0100000)]

Stack: [0x00000088f0000000,0x00000088f0100000]
Native frames: (J=compiled Java code, j=interpreted, Vv=VM code, C=native code)
V  [jvm.dll+0x5f840a]
V  [jvm.dll+0x741e4a]
V  [jvm.dll+0x7435ff]
V  [jvm.dll+0x743c43]
V  [jvm.dll+0x20d288]
V  [jvm.dll+0x5f57ba]
V  [jvm.dll+0x5ea615]
V  [jvm.dll+0x2c7e9c]
V  [jvm.dll+0x2c7cd2]
V  [jvm.dll+0x2cdbbc]
V  [jvm.dll+0x313ff8]
V  [jvm.dll+0x313720]
V  [jvm.dll+0x2a092a]
V  [jvm.dll+0x2a1a79]
V  [jvm.dll+0x71f718]
V  [jvm.dll+0x321c44]
V  [jvm.dll+0x700b0c]
V  [jvm.dll+0x392dff]
V  [jvm.dll+0x394e71]
C  [jli.dll+0x523b]
C  [ucrtbase.dll+0x214c2]
C  [KERNEL32.DLL+0x17034]
C  [ntdll.dll+0x4cec1]


---------------  P R O C E S S  ---------------

Threads class SMR info:
_java_thread_list=0x00007ffb6b663078, length=0, elements={
}

Java Threads: ( => current thread )

Other Threads:
  0x00000201af299800 GCTaskThread "GC Thread#0" [stack: 0x00000088f0100000,0x00000088f0200000] [id=18788]
  0x00000201af2bb000 ConcurrentGCThread "G1 Main Marker" [stack: 0x00000088f0200000,0x00000088f0300000] [id=28668]
  0x00000201af2bd800 ConcurrentGCThread "G1 Conc#0" [stack: 0x00000088f0300000,0x00000088f0400000] [id=35368]

[error occurred during error reporting (printing all threads), id 0xc0000005, EXCEPTION_ACCESS_VIOLATION (0xc0000005) at pc=0x00007ffb6ae91257]

VM state:not at safepoint (not fully initialized)

VM Mutex/Monitor currently owned by a thread:  ([mutex/lock_event])
[0x00000201af22c1f0] Heap_lock - owner thread: 0x00000201af232800

Heap address: 0x0000000702600000, size: 4058 MB, Compressed Oops mode: Zero based, Oop shift amount: 3
Narrow klass base: 0x0000000000000000, Narrow klass shift: 0

GC Heap History (0 events):
No events

Deoptimization events (0 events):
No events

Classes unloaded (0 events):
No events

Classes redefined (0 events):
No events

Internal exceptions (0 events):
No events

Events (2 events):
Event: 0.020 Loaded shared library C:\Program Files\Java\jdk-14.0.1\bin\java.dll
Event: 0.021 Loaded shared library C:\Program Files\Java\jdk-14.0.1\bin\zip.dll


Dynamic libraries:
0x00007ff6b9c00000 - 0x00007ff6b9c0f000 	C:\Program Files\Java\jdk-14.0.1\bin\java.exe
0x00007ffbc6f50000 - 0x00007ffbc7146000 	C:\WINDOWS\SYSTEM32\ntdll.dll
0x00007ffb71710000 - 0x00007ffb71722000 	C:\Program Files\Avast Software\Avast\aswhook.dll
0x00007ffbc54a0000 - 0x00007ffbc555d000 	C:\WINDOWS\System32\KERNEL32.DLL
0x00007ffbc4800000 - 0x00007ffbc4ac8000 	C:\WINDOWS\System32\KERNELBASE.dll
0x00007ffbc4eb0000 - 0x00007ffbc4fb0000 	C:\WINDOWS\System32\ucrtbase.dll
0x00007ffbbdfb0000 - 0x00007ffbbdfc8000 	C:\Program Files\Java\jdk-14.0.1\bin\jli.dll
0x00007ffbc5690000 - 0x00007ffbc573c000 	C:\WINDOWS\System32\ADVAPI32.dll
0x00007ffbc57c0000 - 0x00007ffbc585e000 	C:\WINDOWS\System32\msvcrt.dll
0x00007ffbc6e70000 - 0x00007ffbc6f0b000 	C:\WINDOWS\System32\sechost.dll
0x00007ffbc5870000 - 0x00007ffbc5994000 	C:\WINDOWS\System32\RPCRT4.dll
0x00007ffbc5a40000 - 0x00007ffbc5be0000 	C:\WINDOWS\System32\USER32.dll
0x00007ffbc4b80000 - 0x00007ffbc4ba2000 	C:\WINDOWS\System32\win32u.dll
0x00007ffbc6bb0000 - 0x00007ffbc6bda000 	C:\WINDOWS\System32\GDI32.dll
0x00007ffbc46f0000 - 0x00007ffbc47f9000 	C:\WINDOWS\System32\gdi32full.dll
0x00007ffbc4cb0000 - 0x00007ffbc4d4d000 	C:\WINDOWS\System32\msvcp_win.dll
0x00007ffbbdb40000 - 0x00007ffbbdb55000 	C:\Program Files\Java\jdk-14.0.1\bin\VCRUNTIME140.dll
0x00007ffbabf50000 - 0x00007ffbac1eb000 	C:\WINDOWS\WinSxS\amd64_microsoft.windows.common-controls_6595b64144ccf1df_6.0.19041.488_none_ca04af081b815d21\COMCTL32.dll
0x00007ffbbd3e0000 - 0x00007ffbbd3ea000 	C:\WINDOWS\SYSTEM32\VERSION.dll
0x00007ffbc5a10000 - 0x00007ffbc5a40000 	C:\WINDOWS\System32\IMM32.DLL
0x00007ffba5ab0000 - 0x00007ffba5b4b000 	C:\Program Files\Java\jdk-14.0.1\bin\msvcp140.dll
0x00007ffb6abe0000 - 0x00007ffb6b6fe000 	C:\Program Files\Java\jdk-14.0.1\bin\server\jvm.dll
0x00007ffbc5be0000 - 0x00007ffbc5be8000 	C:\WINDOWS\System32\PSAPI.DLL
0x00007ffba8430000 - 0x00007ffba8439000 	C:\WINDOWS\SYSTEM32\WSOCK32.dll
0x00007ffbc59a0000 - 0x00007ffbc5a0b000 	C:\WINDOWS\System32\WS2_32.dll
0x00007ffbac200000 - 0x00007ffbac227000 	C:\WINDOWS\SYSTEM32\WINMM.dll
0x00007ffbc2fc0000 - 0x00007ffbc2fd2000 	C:\WINDOWS\SYSTEM32\kernel.appcore.dll
0x00007ffbbfaf0000 - 0x00007ffbbfafa000 	C:\Program Files\Java\jdk-14.0.1\bin\jimage.dll
0x00007ffbc2c80000 - 0x00007ffbc2e64000 	C:\WINDOWS\SYSTEM32\DBGHELP.DLL
0x00007ffbb4ed0000 - 0x00007ffbb4efc000 	C:\WINDOWS\SYSTEM32\dbgcore.DLL
0x00007ffbc4be0000 - 0x00007ffbc4c5f000 	C:\WINDOWS\System32\bcryptPrimitives.dll
0x00007ffbbdad0000 - 0x00007ffbbdaf5000 	C:\Program Files\Java\jdk-14.0.1\bin\java.dll
0x00007ffbbd8d0000 - 0x00007ffbbd8e6000 	C:\Program Files\Java\jdk-14.0.1\bin\zip.dll

dbghelp: loaded successfully - version: 4.0.5 - missing functions: none
symbol engine: initialized successfully - sym options: 0x614 - pdb path: .;C:\Program Files\Java\jdk-14.0.1\bin;C:\WINDOWS\SYSTEM32;C:\Program Files\Avast Software\Avast;C:\WINDOWS\WinSxS\amd64_microsoft.windows.common-controls_6595b64144ccf1df_6.0.19041.488_none_ca04af081b815d21;C:\Program Files\Java\jdk-14.0.1\bin\server

VM Arguments:
java_command: C:\Users\T.Ron\AppData\Local\Temp\surefire7620724231764667926\surefirebooter9690155479504136834.jar C:\Users\T.Ron\AppData\Local\Temp\surefire7620724231764667926 2020-12-08T09-59-56_483-jvmRun1 surefire11159660719788742383tmp surefire_011271357793960947713tmp
java_class_path (initial): C:\Users\T.Ron\AppData\Local\Temp\surefire7620724231764667926\surefirebooter9690155479504136834.jar
Launcher Type: SUN_STANDARD

[Global flags]
     intx CICompilerCount                          = 4                                         {product} {ergonomic}
     uint ConcGCThreads                            = 2                                         {product} {ergonomic}
     uint G1ConcRefinementThreads                  = 8                                         {product} {ergonomic}
   size_t G1HeapRegionSize                         = 1048576                                   {product} {ergonomic}
    uintx GCDrainStackTargetSize                   = 64                                        {product} {ergonomic}
   size_t InitialHeapSize                          = 266338304                                 {product} {ergonomic}
   size_t MarkStackSize                            = 4194304                                   {product} {ergonomic}
   size_t MaxHeapSize                              = 4255121408                                {product} {ergonomic}
   size_t MinHeapDeltaBytes                        = 1048576                                   {product} {ergonomic}
   size_t MinHeapSize                              = 8388608                                   {product} {ergonomic}
    uintx NonNMethodCodeHeapSize                   = 5839372                                {pd product} {ergonomic}
    uintx NonProfiledCodeHeapSize                  = 122909434                              {pd product} {ergonomic}
    uintx ProfiledCodeHeapSize                     = 122909434                              {pd product} {ergonomic}
    uintx ReservedCodeCacheSize                    = 251658240                              {pd product} {ergonomic}
     bool SegmentedCodeCache                       = true                                      {product} {ergonomic}
   size_t SoftMaxHeapSize                          = 4255121408                             {manageable} {ergonomic}
     bool UseCompressedClassPointers               = true                                 {lp64_product} {ergonomic}
     bool UseCompressedOops                        = true                                 {lp64_product} {ergonomic}
     bool UseG1GC                                  = true                                      {product} {ergonomic}
     bool UseLargePagesIndividualAllocation        = false                                  {pd product} {ergonomic}

Logging:
Log output configuration:
 #0: stdout all=warning uptime,level,tags
 #1: stderr all=off uptime,level,tags

Environment Variables:
JAVA_HOME=C:\Program Files\Java\jdk-14.0.1
PATH=C:\Program Files (x86)\Common Files\Oracle\Java\javapath;C:\Windows\system32;C:\Windows;C:\Windows\System32\Wbem;C:\Windows\System32\WindowsPowerShell\v1.0\;C:\Windows\System32\OpenSSH\;C:\Program Files (x86)\Microsoft SQL Server\150\DTS\Binn\;C:\Program Files\Intel\WiFi\bin\;C:\Program Files\Common Files\Intel\WirelessCommon\;C:\Program Files\Microsoft SQL Server\150\DTS\Binn\;C:\Program Files\Microsoft SQL Server\Client SDK\ODBC\170\Tools\Binn\;C:\Program Files\Microsoft SQL Server\130\Tools\Binn\;C:\Program Files\NVIDIA Corporation\NVIDIA NvDLISR;C:\Program Files (x86)\NVIDIA Corporation\PhysX\Common;C:\Program Files (x86)\Microsoft SQL Server\110\DTS\Binn\;C:\Program Files (x86)\Microsoft SQL Server\120\DTS\Binn\;C:\Program Files (x86)\Microsoft SQL Server\130\DTS\Binn\;C:\Program Files (x86)\Microsoft SQL Server\140\DTS\Binn\;C:\Program Files\Microsoft SQL Server\140\DTS\Binn\;C:\Program Files\Microsoft SQL Server\Client SDK\ODBC\130\Tools\Binn\;C:\Program Files (x86)\Microsoft SQL Server\140\Tools\Binn\;C:\Program Files\Microsoft SQL Server\140\Tools\Binn\;D:\xampp\php;C:\composer;C:\Program Files\nodejs\;C:\Program Files\Java\jdk-14.0.1\bin;C:\opt\apache-maven\bin;C:\Program Files\PuTTY\;C:\WINDOWS\system32;C:\WINDOWS;C:\WINDOWS\System32\Wbem;C:\WINDOWS\System32\WindowsPowerShell\v1.0\;C:\WINDOWS\System32\OpenSSH\;C:\Program Files\Git\cmd;C:\Program Files\Azure Data Studio\bin;C:\Program Files\dotnet\;C:\Program Files (x86)\Microsoft SQL Server\110\Tools\Binn\;C:\Users\T.Ron\AppData\Local\Microsoft\WindowsApps;;C:\Program Files\JetBrains\IntelliJ IDEA 2019.3.4\bin;;C:\Program Files\JetBrains\PhpStorm 2020.2.1\bin;;C:\Users\T.Ron\AppData\Roaming\Composer\vendor\bin;C:\Users\T.Ron\AppData\Roaming\npm;C:\Users\T.Ron\AppData\Local\Programs\Microsoft VS Code\bin;C:\Program Files\Azure Data Studio\bin;C:\Users\T.Ron\.dotnet\tools
USERNAME=T.Ron
OS=Windows_NT
PROCESSOR_IDENTIFIER=Intel64 Family 6 Model 142 Stepping 10, GenuineIntel



---------------  S Y S T E M  ---------------

OS: Windows 10 , 64 bit Build 19041 (10.0.19041.546)
OS uptime: 8 days 16:15 hours

CPU:total 8 (initial active 8) (4 cores per cpu, 2 threads per core) family 6 model 142 stepping 10, cmov, cx8, fxsr, mmx, sse, sse2, sse3, ssse3, sse4.1, sse4.2, popcnt, avx, avx2, aes, clmul, erms, 3dnowpref, lzcnt, ht, tsc, tscinvbit, bmi1, bmi2, adx, fma

Memory: 4k page, system-wide physical 16226M (309M free)
TotalPageFile size 38830M (AvailPageFile size 149M)
current process WorkingSet (physical memory assigned to process): 10M, peak: 10M
current process commit charge ("private bytes"): 61M, peak: 314M

vm_info: Java HotSpot(TM) 64-Bit Server VM (14.0.1+7) for windows-amd64 JRE (14.0.1+7), built on Mar  5 2020 10:30:14 by "mach5one" with MS VC++ 15.9 (VS2017)

END.
